Determining if the environ exist failed with the following output:
Change Dir: /home/uber/dotfiles/.vim/scripts/dependencies/cmake-3.2.3/CMakeFiles/CMakeTmp

Run Build Command:"/usr/bin/make" "cmTryCompileExec1848169817/fast"
make -f CMakeFiles/cmTryCompileExec1848169817.dir/build.make CMakeFiles/cmTryCompileExec1848169817.dir/build
make[1]: Entering directory `/home/uber/dotfiles/.vim/scripts/dependencies/cmake-3.2.3/CMakeFiles/CMakeTmp'
/home/uber/dotfiles/.vim/scripts/dependencies/cmake-3.2.3/Bootstrap.cmk/cmake -E cmake_progress_report /home/uber/dotfiles/.vim/scripts/dependencies/cmake-3.2.3/CMakeFiles/CMakeTmp/CMakeFiles 1
Building C object CMakeFiles/cmTryCompileExec1848169817.dir/CheckSymbolExists.c.o
/usr/lib/ccache/gcc    -o CMakeFiles/cmTryCompileExec1848169817.dir/CheckSymbolExists.c.o   -c /home/uber/dotfiles/.vim/scripts/dependencies/cmake-3.2.3/CMakeFiles/CMakeTmp/CheckSymbolExists.c
/home/uber/dotfiles/.vim/scripts/dependencies/cmake-3.2.3/CMakeFiles/CMakeTmp/CheckSymbolExists.c: In function ‘main’:
/home/uber/dotfiles/.vim/scripts/dependencies/cmake-3.2.3/CMakeFiles/CMakeTmp/CheckSymbolExists.c:8:19: error: ‘environ’ undeclared (first use in this function)
/home/uber/dotfiles/.vim/scripts/dependencies/cmake-3.2.3/CMakeFiles/CMakeTmp/CheckSymbolExists.c:8:19: note: each undeclared identifier is reported only once for each function it appears in
make[1]: *** [CMakeFiles/cmTryCompileExec1848169817.dir/CheckSymbolExists.c.o] Error 1
make[1]: Leaving directory `/home/uber/dotfiles/.vim/scripts/dependencies/cmake-3.2.3/CMakeFiles/CMakeTmp'
make: *** [cmTryCompileExec1848169817/fast] Error 2

File /home/uber/dotfiles/.vim/scripts/dependencies/cmake-3.2.3/CMakeFiles/CMakeTmp/CheckSymbolExists.c:
/* */
#include <stdlib.h>

int main(int argc, char** argv)
{
  (void)argv;
#ifndef environ
  return ((int*)(&environ))[argc];
#else
  (void)argc;
  return 0;
#endif
}

Checking for non-standard argument to stl allocator<>::max_size failed to compile with the following output:
Change Dir: /home/uber/dotfiles/.vim/scripts/dependencies/cmake-3.2.3/Source/kwsys/CMakeFiles/CMakeTmp

Run Build Command:"/usr/bin/make" "cmTryCompileExec1598322092/fast"
make -f CMakeFiles/cmTryCompileExec1598322092.dir/build.make CMakeFiles/cmTryCompileExec1598322092.dir/build
make[1]: Entering directory `/home/uber/dotfiles/.vim/scripts/dependencies/cmake-3.2.3/Source/kwsys/CMakeFiles/CMakeTmp'
/home/uber/dotfiles/.vim/scripts/dependencies/cmake-3.2.3/Bootstrap.cmk/cmake -E cmake_progress_report /home/uber/dotfiles/.vim/scripts/dependencies/cmake-3.2.3/Source/kwsys/CMakeFiles/CMakeTmp/CMakeFiles 1
Building CXX object CMakeFiles/cmTryCompileExec1598322092.dir/kwsysPlatformTestsCXX.cxx.o
/usr/lib/ccache/g++   -DKWSYS_STL_HAVE_STD=1 -DTEST_KWSYS_STL_HAS_ALLOCATOR_MAX_SIZE_ARGUMENT  -o CMakeFiles/cmTryCompileExec1598322092.dir/kwsysPlatformTestsCXX.cxx.o -c /home/uber/dotfiles/.vim/scripts/dependencies/cmake-3.2.3/Source/kwsys/kwsysPlatformTestsCXX.cxx
/home/uber/dotfiles/.vim/scripts/dependencies/cmake-3.2.3/Source/kwsys/kwsysPlatformTestsCXX.cxx: In function ‘void f(const std::allocator<char>&)’:
/home/uber/dotfiles/.vim/scripts/dependencies/cmake-3.2.3/Source/kwsys/kwsysPlatformTestsCXX.cxx:256:25: error: no matching function for call to ‘std::allocator<char>::max_size(long unsigned int) const’
/home/uber/dotfiles/.vim/scripts/dependencies/cmake-3.2.3/Source/kwsys/kwsysPlatformTestsCXX.cxx:256:25: note: candidate is:
/usr/include/c++/4.6/ext/new_allocator.h:101:7: note: __gnu_cxx::new_allocator<_Tp>::size_type __gnu_cxx::new_allocator<_Tp>::max_size() const [with _Tp = char, __gnu_cxx::new_allocator<_Tp>::size_type = long unsigned int]
/usr/include/c++/4.6/ext/new_allocator.h:101:7: note:   candidate expects 0 arguments, 1 provided
make[1]: *** [CMakeFiles/cmTryCompileExec1598322092.dir/kwsysPlatformTestsCXX.cxx.o] Error 1
make[1]: Leaving directory `/home/uber/dotfiles/.vim/scripts/dependencies/cmake-3.2.3/Source/kwsys/CMakeFiles/CMakeTmp'
make: *** [cmTryCompileExec1598322092/fast] Error 2


Checking whether "<>" is needed for template friends failed to compile with the following output:
Change Dir: /home/uber/dotfiles/.vim/scripts/dependencies/cmake-3.2.3/Source/kwsys/CMakeFiles/CMakeTmp

Run Build Command:"/usr/bin/make" "cmTryCompileExec1448203030/fast"
make -f CMakeFiles/cmTryCompileExec1448203030.dir/build.make CMakeFiles/cmTryCompileExec1448203030.dir/build
make[1]: Entering directory `/home/uber/dotfiles/.vim/scripts/dependencies/cmake-3.2.3/Source/kwsys/CMakeFiles/CMakeTmp'
/home/uber/dotfiles/.vim/scripts/dependencies/cmake-3.2.3/Bootstrap.cmk/cmake -E cmake_progress_report /home/uber/dotfiles/.vim/scripts/dependencies/cmake-3.2.3/Source/kwsys/CMakeFiles/CMakeTmp/CMakeFiles 1
Building CXX object CMakeFiles/cmTryCompileExec1448203030.dir/kwsysPlatformTestsCXX.cxx.o
/usr/lib/ccache/g++   -DTEST_KWSYS_CXX_HAS_NULL_TEMPLATE_ARGS  -o CMakeFiles/cmTryCompileExec1448203030.dir/kwsysPlatformTestsCXX.cxx.o -c /home/uber/dotfiles/.vim/scripts/dependencies/cmake-3.2.3/Source/kwsys/kwsysPlatformTestsCXX.cxx
/home/uber/dotfiles/.vim/scripts/dependencies/cmake-3.2.3/Source/kwsys/kwsysPlatformTestsCXX.cxx:141:21: warning: friend declaration ‘int f(A<T>&)’ declares a non-template function [-Wnon-template-friend]
/home/uber/dotfiles/.vim/scripts/dependencies/cmake-3.2.3/Source/kwsys/kwsysPlatformTestsCXX.cxx:141:21: note: (if this is not what you intended, make sure the function template has already been declared and add <> after the function name here) 
/home/uber/dotfiles/.vim/scripts/dependencies/cmake-3.2.3/Source/kwsys/kwsysPlatformTestsCXX.cxx: In function ‘int f(A<T>&) [with T = int]’:
/home/uber/dotfiles/.vim/scripts/dependencies/cmake-3.2.3/Source/kwsys/kwsysPlatformTestsCXX.cxx:147:23:   instantiated from here
/home/uber/dotfiles/.vim/scripts/dependencies/cmake-3.2.3/Source/kwsys/kwsysPlatformTestsCXX.cxx:143:7: error: ‘int A<int>::x’ is private
/home/uber/dotfiles/.vim/scripts/dependencies/cmake-3.2.3/Source/kwsys/kwsysPlatformTestsCXX.cxx:146:50: error: within this context
make[1]: *** [CMakeFiles/cmTryCompileExec1448203030.dir/kwsysPlatformTestsCXX.cxx.o] Error 1
make[1]: Leaving directory `/home/uber/dotfiles/.vim/scripts/dependencies/cmake-3.2.3/Source/kwsys/CMakeFiles/CMakeTmp'
make: *** [cmTryCompileExec1448203030/fast] Error 2


Checking whether C++ compiler has '__int64' failed to compile with the following output:
Change Dir: /home/uber/dotfiles/.vim/scripts/dependencies/cmake-3.2.3/Source/kwsys/CMakeFiles/CMakeTmp

Run Build Command:"/usr/bin/make" "cmTryCompileExec1196630496/fast"
make -f CMakeFiles/cmTryCompileExec1196630496.dir/build.make CMakeFiles/cmTryCompileExec1196630496.dir/build
make[1]: Entering directory `/home/uber/dotfiles/.vim/scripts/dependencies/cmake-3.2.3/Source/kwsys/CMakeFiles/CMakeTmp'
/home/uber/dotfiles/.vim/scripts/dependencies/cmake-3.2.3/Bootstrap.cmk/cmake -E cmake_progress_report /home/uber/dotfiles/.vim/scripts/dependencies/cmake-3.2.3/Source/kwsys/CMakeFiles/CMakeTmp/CMakeFiles 1
Building CXX object CMakeFiles/cmTryCompileExec1196630496.dir/kwsysPlatformTestsCXX.cxx.o
/usr/lib/ccache/g++   -DTEST_KWSYS_CXX_HAS___INT64  -o CMakeFiles/cmTryCompileExec1196630496.dir/kwsysPlatformTestsCXX.cxx.o -c /home/uber/dotfiles/.vim/scripts/dependencies/cmake-3.2.3/Source/kwsys/kwsysPlatformTestsCXX.cxx
/home/uber/dotfiles/.vim/scripts/dependencies/cmake-3.2.3/Source/kwsys/kwsysPlatformTestsCXX.cxx:126:1: error: ‘__int64’ does not name a type
/home/uber/dotfiles/.vim/scripts/dependencies/cmake-3.2.3/Source/kwsys/kwsysPlatformTestsCXX.cxx: In function ‘int main()’:
/home/uber/dotfiles/.vim/scripts/dependencies/cmake-3.2.3/Source/kwsys/kwsysPlatformTestsCXX.cxx:129:3: error: ‘__int64’ was not declared in this scope
/home/uber/dotfiles/.vim/scripts/dependencies/cmake-3.2.3/Source/kwsys/kwsysPlatformTestsCXX.cxx:129:11: error: expected ‘;’ before ‘n’
/home/uber/dotfiles/.vim/scripts/dependencies/cmake-3.2.3/Source/kwsys/kwsysPlatformTestsCXX.cxx:130:29: error: ‘n’ was not declared in this scope
/home/uber/dotfiles/.vim/scripts/dependencies/cmake-3.2.3/Source/kwsys/kwsysPlatformTestsCXX.cxx:130:30: error: ‘f’ was not declared in this scope
make[1]: *** [CMakeFiles/cmTryCompileExec1196630496.dir/kwsysPlatformTestsCXX.cxx.o] Error 1
make[1]: Leaving directory `/home/uber/dotfiles/.vim/scripts/dependencies/cmake-3.2.3/Source/kwsys/CMakeFiles/CMakeTmp'
make: *** [cmTryCompileExec1196630496/fast] Error 2


Determining size of __int64 failed with the following output:
Change Dir: /home/uber/dotfiles/.vim/scripts/dependencies/cmake-3.2.3/CMakeFiles/CMakeTmp

Run Build Command:"/usr/bin/make" "cmTryCompileExec2386758569/fast"
make -f CMakeFiles/cmTryCompileExec2386758569.dir/build.make CMakeFiles/cmTryCompileExec2386758569.dir/build
make[1]: Entering directory `/home/uber/dotfiles/.vim/scripts/dependencies/cmake-3.2.3/CMakeFiles/CMakeTmp'
/home/uber/dotfiles/.vim/scripts/dependencies/cmake-3.2.3/Bootstrap.cmk/cmake -E cmake_progress_report /home/uber/dotfiles/.vim/scripts/dependencies/cmake-3.2.3/CMakeFiles/CMakeTmp/CMakeFiles 1
Building C object CMakeFiles/cmTryCompileExec2386758569.dir/KWSYS_SIZEOF___INT64.c.o
/usr/lib/ccache/gcc    -o CMakeFiles/cmTryCompileExec2386758569.dir/KWSYS_SIZEOF___INT64.c.o   -c /home/uber/dotfiles/.vim/scripts/dependencies/cmake-3.2.3/CMakeFiles/CheckTypeSize/KWSYS_SIZEOF___INT64.c
/home/uber/dotfiles/.vim/scripts/dependencies/cmake-3.2.3/CMakeFiles/CheckTypeSize/KWSYS_SIZEOF___INT64.c:19:20: error: ‘__int64’ undeclared here (not in a function)
make[1]: *** [CMakeFiles/cmTryCompileExec2386758569.dir/KWSYS_SIZEOF___INT64.c.o] Error 1
make[1]: Leaving directory `/home/uber/dotfiles/.vim/scripts/dependencies/cmake-3.2.3/CMakeFiles/CMakeTmp'
make: *** [cmTryCompileExec2386758569/fast] Error 2

/home/uber/dotfiles/.vim/scripts/dependencies/cmake-3.2.3/CMakeFiles/CheckTypeSize/KWSYS_SIZEOF___INT64.c:
#include <sys/types.h>
#include <stdint.h>
#include <stddef.h>


#undef KEY
#if defined(__i386)
# define KEY '_','_','i','3','8','6'
#elif defined(__x86_64)
# define KEY '_','_','x','8','6','_','6','4'
#elif defined(__ppc__)
# define KEY '_','_','p','p','c','_','_'
#elif defined(__ppc64__)
# define KEY '_','_','p','p','c','6','4','_','_'
#endif

#define SIZE (sizeof(__int64))
char info_size[] =  {'I', 'N', 'F', 'O', ':', 's','i','z','e','[',
  ('0' + ((SIZE / 10000)%10)),
  ('0' + ((SIZE / 1000)%10)),
  ('0' + ((SIZE / 100)%10)),
  ('0' + ((SIZE / 10)%10)),
  ('0' +  (SIZE    % 10)),
  ']',
#ifdef KEY
  ' ','k','e','y','[', KEY, ']',
#endif
  '\0'};

#ifdef __CLASSIC_C__
int main(argc, argv) int argc; char *argv[];
#else
int main(int argc, char *argv[])
#endif
{
  int require = 0;
  require += info_size[argc];
  (void)argv;
  return require;
}


Checking whether CXX compiler has environ in stdlib.h failed to compile with the following output:
Change Dir: /home/uber/dotfiles/.vim/scripts/dependencies/cmake-3.2.3/Source/kwsys/CMakeFiles/CMakeTmp

Run Build Command:"/usr/bin/make" "cmTryCompileExec2992843692/fast"
make -f CMakeFiles/cmTryCompileExec2992843692.dir/build.make CMakeFiles/cmTryCompileExec2992843692.dir/build
make[1]: Entering directory `/home/uber/dotfiles/.vim/scripts/dependencies/cmake-3.2.3/Source/kwsys/CMakeFiles/CMakeTmp'
/home/uber/dotfiles/.vim/scripts/dependencies/cmake-3.2.3/Bootstrap.cmk/cmake -E cmake_progress_report /home/uber/dotfiles/.vim/scripts/dependencies/cmake-3.2.3/Source/kwsys/CMakeFiles/CMakeTmp/CMakeFiles 1
Building CXX object CMakeFiles/cmTryCompileExec2992843692.dir/kwsysPlatformTestsCXX.cxx.o
/usr/lib/ccache/g++   -DTEST_KWSYS_CXX_HAS_ENVIRON_IN_STDLIB_H  -o CMakeFiles/cmTryCompileExec2992843692.dir/kwsysPlatformTestsCXX.cxx.o -c /home/uber/dotfiles/.vim/scripts/dependencies/cmake-3.2.3/Source/kwsys/kwsysPlatformTestsCXX.cxx
/home/uber/dotfiles/.vim/scripts/dependencies/cmake-3.2.3/Source/kwsys/kwsysPlatformTestsCXX.cxx: In function ‘int main()’:
/home/uber/dotfiles/.vim/scripts/dependencies/cmake-3.2.3/Source/kwsys/kwsysPlatformTestsCXX.cxx:450:13: error: ‘environ’ was not declared in this scope
make[1]: *** [CMakeFiles/cmTryCompileExec2992843692.dir/kwsysPlatformTestsCXX.cxx.o] Error 1
make[1]: Leaving directory `/home/uber/dotfiles/.vim/scripts/dependencies/cmake-3.2.3/Source/kwsys/CMakeFiles/CMakeTmp'
make: *** [cmTryCompileExec2992843692/fast] Error 2


Checking whether CXX compiler has _atoi64 failed to compile with the following output:
Change Dir: /home/uber/dotfiles/.vim/scripts/dependencies/cmake-3.2.3/Source/kwsys/CMakeFiles/CMakeTmp

Run Build Command:"/usr/bin/make" "cmTryCompileExec2727766387/fast"
make -f CMakeFiles/cmTryCompileExec2727766387.dir/build.make CMakeFiles/cmTryCompileExec2727766387.dir/build
make[1]: Entering directory `/home/uber/dotfiles/.vim/scripts/dependencies/cmake-3.2.3/Source/kwsys/CMakeFiles/CMakeTmp'
/home/uber/dotfiles/.vim/scripts/dependencies/cmake-3.2.3/Bootstrap.cmk/cmake -E cmake_progress_report /home/uber/dotfiles/.vim/scripts/dependencies/cmake-3.2.3/Source/kwsys/CMakeFiles/CMakeTmp/CMakeFiles 1
Building CXX object CMakeFiles/cmTryCompileExec2727766387.dir/kwsysPlatformTestsCXX.cxx.o
/usr/lib/ccache/g++   -DTEST_KWSYS_CXX_HAS__ATOI64  -o CMakeFiles/cmTryCompileExec2727766387.dir/kwsysPlatformTestsCXX.cxx.o -c /home/uber/dotfiles/.vim/scripts/dependencies/cmake-3.2.3/Source/kwsys/kwsysPlatformTestsCXX.cxx
/home/uber/dotfiles/.vim/scripts/dependencies/cmake-3.2.3/Source/kwsys/kwsysPlatformTestsCXX.cxx: In function ‘int main()’:
/home/uber/dotfiles/.vim/scripts/dependencies/cmake-3.2.3/Source/kwsys/kwsysPlatformTestsCXX.cxx:493:38: error: ‘_atoi64’ was not declared in this scope
make[1]: *** [CMakeFiles/cmTryCompileExec2727766387.dir/kwsysPlatformTestsCXX.cxx.o] Error 1
make[1]: Leaving directory `/home/uber/dotfiles/.vim/scripts/dependencies/cmake-3.2.3/Source/kwsys/CMakeFiles/CMakeTmp'
make: *** [cmTryCompileExec2727766387/fast] Error 2


